<?xml version="1.0" encoding="UTF-8"?>
<!-- Generated by org.testng.reporters.JUnitReportReporter -->
<testsuite hostname="DESKTOP-9LMV1LJ" failures="0" tests="1" name="pages.HomeLoansTest" time="113.764" errors="1" timestamp="2023-12-30T14:44:16 EST" skipped="0">
  <testcase classname="pages.HomeLoansTest" name="homeLoanValidationTest" time="113.764">
    <error message="element not interactable
  (Session info: chrome=120.0.6099.130)
Build info: version: &#039;4.15.0&#039;, revision: &#039;1d14b5521b&#039;
System info: os.name: &#039;Windows 11&#039;, os.arch: &#039;amd64&#039;, os.version: &#039;10.0&#039;, java.version: &#039;11.0.17&#039;
Driver info: org.openqa.selenium.chrome.ChromeDriver
Command: [669ffae7cc0ba6c38c0883c85f2ae018, sendKeysToElement {id=A808B6238DE6DF508DA13AB39BE78F12_element_14850, value=[Ljava.lang.CharSequence;@7d199c68}]
Capabilities {acceptInsecureCerts: false, browserName: chrome, browserVersion: 120.0.6099.130, chrome: {chromedriverVersion: 119.0.6045.159 (eaa767197fa..., userDataDir: C:\Users\Asus\AppData\Local...}, fedcm:accounts: true, goog:chromeOptions: {debuggerAddress: localhost:53436}, networkConnectionEnabled: false, pageLoadStrategy: normal, platformName: windows, proxy: Proxy(), se:cdp: ws://localhost:53436/devtoo..., se:cdpVersion: 120.0.6099.130, setWindowRect: true, strictFileInteractability: false, timeouts: {implicit: 0, pageLoad: 300000, script: 30000}, unhandledPromptBehavior: dismiss and notify, webauthn:extension:credBlob: true, webauthn:extension:largeBlob: true, webauthn:extension:minPinLength: true, webauthn:extension:prf: true, webauthn:virtualAuthenticators: true}
Element: [[ChromeDriver: chrome on windows (669ffae7cc0ba6c38c0883c85f2ae018)] -&gt; id: streetNumber]
Session ID: 669ffae7cc0ba6c38c0883c85f2ae018" type="org.openqa.selenium.ElementNotInteractableException">
      <![CDATA[org.openqa.selenium.ElementNotInteractableException: element not interactable
  (Session info: chrome=120.0.6099.130)
Build info: version: '4.15.0', revision: '1d14b5521b'
System info: os.name: 'Windows 11', os.arch: 'amd64', os.version: '10.0', java.version: '11.0.17'
Driver info: org.openqa.selenium.chrome.ChromeDriver
Command: [669ffae7cc0ba6c38c0883c85f2ae018, sendKeysToElement {id=A808B6238DE6DF508DA13AB39BE78F12_element_14850, value=[Ljava.lang.CharSequence;@7d199c68}]
Capabilities {acceptInsecureCerts: false, browserName: chrome, browserVersion: 120.0.6099.130, chrome: {chromedriverVersion: 119.0.6045.159 (eaa767197fa..., userDataDir: C:\Users\Asus\AppData\Local...}, fedcm:accounts: true, goog:chromeOptions: {debuggerAddress: localhost:53436}, networkConnectionEnabled: false, pageLoadStrategy: normal, platformName: windows, proxy: Proxy(), se:cdp: ws://localhost:53436/devtoo..., se:cdpVersion: 120.0.6099.130, setWindowRect: true, strictFileInteractability: false, timeouts: {implicit: 0, pageLoad: 300000, script: 30000}, unhandledPromptBehavior: dismiss and notify, webauthn:extension:credBlob: true, webauthn:extension:largeBlob: true, webauthn:extension:minPinLength: true, webauthn:extension:prf: true, webauthn:virtualAuthenticators: true}
Element: [[ChromeDriver: chrome on windows (669ffae7cc0ba6c38c0883c85f2ae018)] -> id: streetNumber]
Session ID: 669ffae7cc0ba6c38c0883c85f2ae018
at java.base/jdk.internal.reflect.NativeConstructorAccessorImpl.newInstance0(Native Method)
at java.base/jdk.internal.reflect.NativeConstructorAccessorImpl.newInstance(NativeConstructorAccessorImpl.java:62)
at java.base/jdk.internal.reflect.DelegatingConstructorAccessorImpl.newInstance(DelegatingConstructorAccessorImpl.java:45)
at java.base/java.lang.reflect.Constructor.newInstance(Constructor.java:490)
at org.openqa.selenium.remote.codec.w3c.W3CHttpResponseCodec.createException(W3CHttpResponseCodec.java:200)
at org.openqa.selenium.remote.codec.w3c.W3CHttpResponseCodec.decode(W3CHttpResponseCodec.java:133)
at org.openqa.selenium.remote.codec.w3c.W3CHttpResponseCodec.decode(W3CHttpResponseCodec.java:52)
at org.openqa.selenium.remote.HttpCommandExecutor.execute(HttpCommandExecutor.java:191)
at org.openqa.selenium.remote.service.DriverCommandExecutor.invokeExecute(DriverCommandExecutor.java:200)
at org.openqa.selenium.remote.service.DriverCommandExecutor.execute(DriverCommandExecutor.java:175)
at org.openqa.selenium.remote.RemoteWebDriver.execute(RemoteWebDriver.java:607)
at org.openqa.selenium.remote.RemoteWebElement.execute(RemoteWebElement.java:224)
at org.openqa.selenium.remote.RemoteWebElement.sendKeys(RemoteWebElement.java:111)
at java.base/jdk.internal.reflect.NativeMethodAccessorImpl.invoke0(Native Method)
at java.base/jdk.internal.reflect.NativeMethodAccessorImpl.invoke(NativeMethodAccessorImpl.java:62)
at java.base/jdk.internal.reflect.DelegatingMethodAccessorImpl.invoke(DelegatingMethodAccessorImpl.java:43)
at java.base/java.lang.reflect.Method.invoke(Method.java:566)
at org.openqa.selenium.support.pagefactory.internal.LocatingElementHandler.invoke(LocatingElementHandler.java:51)
at com.sun.proxy.$Proxy19.sendKeys(Unknown Source)
at common.CommonActions.inputTextThenClickTab(CommonActions.java:74)
at pages.HomeLoans.firstNameValidation(HomeLoans.java:204)
at pages.HomeLoansTest.homeLoanValidationTest(HomeLoansTest.java:11)
at java.base/jdk.internal.reflect.NativeMethodAccessorImpl.invoke0(Native Method)
at java.base/jdk.internal.reflect.NativeMethodAccessorImpl.invoke(NativeMethodAccessorImpl.java:62)
at java.base/jdk.internal.reflect.DelegatingMethodAccessorImpl.invoke(DelegatingMethodAccessorImpl.java:43)
at java.base/java.lang.reflect.Method.invoke(Method.java:566)
at org.testng.internal.invokers.MethodInvocationHelper.invokeMethod(MethodInvocationHelper.java:139)
at org.testng.internal.invokers.TestInvoker.invokeMethod(TestInvoker.java:664)
at org.testng.internal.invokers.TestInvoker.invokeTestMethod(TestInvoker.java:227)
at org.testng.internal.invokers.MethodRunner.runInSequence(MethodRunner.java:50)
at org.testng.internal.invokers.TestInvoker$MethodInvocationAgent.invoke(TestInvoker.java:957)
at org.testng.internal.invokers.TestInvoker.invokeTestMethods(TestInvoker.java:200)
at org.testng.internal.invokers.TestMethodWorker.invokeTestMethods(TestMethodWorker.java:148)
at org.testng.internal.invokers.TestMethodWorker.run(TestMethodWorker.java:128)
at java.base/java.util.ArrayList.forEach(ArrayList.java:1541)
at org.testng.TestRunner.privateRun(TestRunner.java:848)
at org.testng.TestRunner.run(TestRunner.java:621)
at org.testng.SuiteRunner.runTest(SuiteRunner.java:443)
at org.testng.SuiteRunner.runSequentially(SuiteRunner.java:437)
at org.testng.SuiteRunner.privateRun(SuiteRunner.java:397)
at org.testng.SuiteRunner.run(SuiteRunner.java:336)
at org.testng.SuiteRunnerWorker.runSuite(SuiteRunnerWorker.java:52)
at org.testng.SuiteRunnerWorker.run(SuiteRunnerWorker.java:95)
at org.testng.TestNG.runSuitesSequentially(TestNG.java:1280)
at org.testng.TestNG.runSuitesLocally(TestNG.java:1200)
at org.testng.TestNG.runSuites(TestNG.java:1114)
at org.testng.TestNG.run(TestNG.java:1082)
at org.testng.remote.AbstractRemoteTestNG.run(AbstractRemoteTestNG.java:115)
at org.testng.remote.RemoteTestNG.initAndRun(RemoteTestNG.java:251)
at org.testng.remote.RemoteTestNG.main(RemoteTestNG.java:77)
]]>
    </error>
    <system-out>
      <![CDATA[[[ChromeDriver: chrome on windows (669ffae7cc0ba6c38c0883c85f2ae018)] -> xpath: //span[text()='Home Loans']//parent::a[@id='navHomeLoans']]<---------> has been clicked<br>
[[ChromeDriver: chrome on windows (669ffae7cc0ba6c38c0883c85f2ae018)] -> xpath: //span[text()='Explore home loans']] ---> Actual text : Explore home loans. Expected text : Explore home loans<br>
[[ChromeDriver: chrome on windows (669ffae7cc0ba6c38c0883c85f2ae018)] -> link text: Mortgage]<---------> has been clicked<br>
Current URL is : https://www.bankofamerica.com/mortgage/home-mortgage/<br>
Sleeping ... zZz 3<br>
[[ChromeDriver: chrome on windows (669ffae7cc0ba6c38c0883c85f2ae018)] -> id: applyNow]<---------> is Displayed, true<br>
Proxy element for: DefaultElementLocator 'By.id: applyNow'<---------> has been clicked<br>
Current URL is : https://secure.bankofamerica.com/digital-mortgage-application/landing/#landing<br>
Sleeping ... zZz 3<br>
[[ChromeDriver: chrome on windows (669ffae7cc0ba6c38c0883c85f2ae018)] -> id: dmaFlowButton]<---------> is Displayed, true<br>
Proxy element for: DefaultElementLocator 'By.id: dmaFlowButton'<---------> has been clicked<br>
Sleeping ... zZz 3<br>
Current URL is : https://secure.bankofamerica.com/digital-mortgage-application/mortgage/#purchase-gating-question<br>
[[ChromeDriver: chrome on windows (669ffae7cc0ba6c38c0883c85f2ae018)] -> id: propertyContractYes]<---------> has been clicked<br>
Sleeping ... zZz 3<br>
[[ChromeDriver: chrome on windows (669ffae7cc0ba6c38c0883c85f2ae018)] -> id: isBofaCustomer-no]<---------> has been clicked<br>
Sleeping ... zZz 3<br>
[[ChromeDriver: chrome on windows (669ffae7cc0ba6c38c0883c85f2ae018)] -> id: signInContinueButton]<---------> has been clicked<br>
Current URL is : https://secure.bankofamerica.com/digital-mortgage-application/mortgage/#bac-sign-in<br>
[[ChromeDriver: chrome on windows (669ffae7cc0ba6c38c0883c85f2ae018)] -> xpath: //span[text()='Your information']]<---------> is Displayed, false<br>
Sleeping ... zZz 3<br>
Sleeping ... zZz 2<br>
[[ChromeDriver: chrome on windows (669ffae7cc0ba6c38c0883c85f2ae018)] -> xpath: //input[@class='first-name-field spa-input-text']] ---> We can Enter : 32 Character in the field which was similar with the Expected as: 32<br>
The Text from the [[ChromeDriver: chrome on windows (669ffae7cc0ba6c38c0883c85f2ae018)] -> xpath: //input[@class='first-name-field spa-input-text']] ---> is cleared<br>
Sleeping ... zZz 2<br>
Dilshad <-----> has been put into <-----> [[ChromeDriver: chrome on windows (669ffae7cc0ba6c38c0883c85f2ae018)] -> xpath: //input[@class='first-name-field spa-input-text']] and then clicked by Tab Key<br>
Sleeping ... zZz 2<br>
DAZ <-----> has been put into <-----> [[ChromeDriver: chrome on windows (669ffae7cc0ba6c38c0883c85f2ae018)] -> id: middleName] and then clicked by Tab Key<br>
Sleeping ... zZz 3<br>
Zannat <-----> has been put into <-----> [[ChromeDriver: chrome on windows (669ffae7cc0ba6c38c0883c85f2ae018)] -> id: lastName] and then clicked by Tab Key<br>
Sleeping ... zZz 3<br>
[[ChromeDriver: chrome on windows (669ffae7cc0ba6c38c0883c85f2ae018)] -> id: suffix]<---------> has been clicked<br>
[[ChromeDriver: chrome on windows (669ffae7cc0ba6c38c0883c85f2ae018)] -> xpath: //option[text()='Sr']]<---------> has been clicked<br>
Sleeping ... zZz 2<br>
[[ChromeDriver: chrome on windows (669ffae7cc0ba6c38c0883c85f2ae018)] -> id: phoneNumber]<---------> has been clicked<br>
[[ChromeDriver: chrome on windows (669ffae7cc0ba6c38c0883c85f2ae018)] -> id: phoneType]<---------> has been clicked<br>
[[ChromeDriver: chrome on windows (669ffae7cc0ba6c38c0883c85f2ae018)] -> xpath: //option[text()='Mobile']]<---------> has been clicked<br>
Sleeping ... zZz 3<br>
shshsh@gmail.com <-----> has been put into <-----> [[ChromeDriver: chrome on windows (669ffae7cc0ba6c38c0883c85f2ae018)] -> id: email] and then clicked by Tab Key<br>
Sleeping ... zZz 2<br>
45 Southwest 9th Street <-----> has been put into <-----> [[ChromeDriver: chrome on windows (669ffae7cc0ba6c38c0883c85f2ae018)] -> id: locationField]<br>
Sleeping ... zZz 2<br>]]>
    </system-out>
  </testcase> <!-- homeLoanValidationTest -->
  <system-out>
    <![CDATA[[[ChromeDriver: chrome on windows (669ffae7cc0ba6c38c0883c85f2ae018)] -> xpath: //span[text()='Home Loans']//parent::a[@id='navHomeLoans']]<---------> has been clicked<br>
[[ChromeDriver: chrome on windows (669ffae7cc0ba6c38c0883c85f2ae018)] -> xpath: //span[text()='Explore home loans']] ---> Actual text : Explore home loans. Expected text : Explore home loans<br>
[[ChromeDriver: chrome on windows (669ffae7cc0ba6c38c0883c85f2ae018)] -> link text: Mortgage]<---------> has been clicked<br>
Current URL is : https://www.bankofamerica.com/mortgage/home-mortgage/<br>
Sleeping ... zZz 3<br>
[[ChromeDriver: chrome on windows (669ffae7cc0ba6c38c0883c85f2ae018)] -> id: applyNow]<---------> is Displayed, true<br>
Proxy element for: DefaultElementLocator 'By.id: applyNow'<---------> has been clicked<br>
Current URL is : https://secure.bankofamerica.com/digital-mortgage-application/landing/#landing<br>
Sleeping ... zZz 3<br>
[[ChromeDriver: chrome on windows (669ffae7cc0ba6c38c0883c85f2ae018)] -> id: dmaFlowButton]<---------> is Displayed, true<br>
Proxy element for: DefaultElementLocator 'By.id: dmaFlowButton'<---------> has been clicked<br>
Sleeping ... zZz 3<br>
Current URL is : https://secure.bankofamerica.com/digital-mortgage-application/mortgage/#purchase-gating-question<br>
[[ChromeDriver: chrome on windows (669ffae7cc0ba6c38c0883c85f2ae018)] -> id: propertyContractYes]<---------> has been clicked<br>
Sleeping ... zZz 3<br>
[[ChromeDriver: chrome on windows (669ffae7cc0ba6c38c0883c85f2ae018)] -> id: isBofaCustomer-no]<---------> has been clicked<br>
Sleeping ... zZz 3<br>
[[ChromeDriver: chrome on windows (669ffae7cc0ba6c38c0883c85f2ae018)] -> id: signInContinueButton]<---------> has been clicked<br>
Current URL is : https://secure.bankofamerica.com/digital-mortgage-application/mortgage/#bac-sign-in<br>
[[ChromeDriver: chrome on windows (669ffae7cc0ba6c38c0883c85f2ae018)] -> xpath: //span[text()='Your information']]<---------> is Displayed, false<br>
Sleeping ... zZz 3<br>
Sleeping ... zZz 2<br>
[[ChromeDriver: chrome on windows (669ffae7cc0ba6c38c0883c85f2ae018)] -> xpath: //input[@class='first-name-field spa-input-text']] ---> We can Enter : 32 Character in the field which was similar with the Expected as: 32<br>
The Text from the [[ChromeDriver: chrome on windows (669ffae7cc0ba6c38c0883c85f2ae018)] -> xpath: //input[@class='first-name-field spa-input-text']] ---> is cleared<br>
Sleeping ... zZz 2<br>
Dilshad <-----> has been put into <-----> [[ChromeDriver: chrome on windows (669ffae7cc0ba6c38c0883c85f2ae018)] -> xpath: //input[@class='first-name-field spa-input-text']] and then clicked by Tab Key<br>
Sleeping ... zZz 2<br>
DAZ <-----> has been put into <-----> [[ChromeDriver: chrome on windows (669ffae7cc0ba6c38c0883c85f2ae018)] -> id: middleName] and then clicked by Tab Key<br>
Sleeping ... zZz 3<br>
Zannat <-----> has been put into <-----> [[ChromeDriver: chrome on windows (669ffae7cc0ba6c38c0883c85f2ae018)] -> id: lastName] and then clicked by Tab Key<br>
Sleeping ... zZz 3<br>
[[ChromeDriver: chrome on windows (669ffae7cc0ba6c38c0883c85f2ae018)] -> id: suffix]<---------> has been clicked<br>
[[ChromeDriver: chrome on windows (669ffae7cc0ba6c38c0883c85f2ae018)] -> xpath: //option[text()='Sr']]<---------> has been clicked<br>
Sleeping ... zZz 2<br>
[[ChromeDriver: chrome on windows (669ffae7cc0ba6c38c0883c85f2ae018)] -> id: phoneNumber]<---------> has been clicked<br>
[[ChromeDriver: chrome on windows (669ffae7cc0ba6c38c0883c85f2ae018)] -> id: phoneType]<---------> has been clicked<br>
[[ChromeDriver: chrome on windows (669ffae7cc0ba6c38c0883c85f2ae018)] -> xpath: //option[text()='Mobile']]<---------> has been clicked<br>
Sleeping ... zZz 3<br>
shshsh@gmail.com <-----> has been put into <-----> [[ChromeDriver: chrome on windows (669ffae7cc0ba6c38c0883c85f2ae018)] -> id: email] and then clicked by Tab Key<br>
Sleeping ... zZz 2<br>
45 Southwest 9th Street <-----> has been put into <-----> [[ChromeDriver: chrome on windows (669ffae7cc0ba6c38c0883c85f2ae018)] -> id: locationField]<br>
Sleeping ... zZz 2<br>]]>
  </system-out>
</testsuite> <!-- pages.HomeLoansTest -->
