<?xml version="1.0" encoding="UTF-8"?>
<!-- Generated by org.testng.reporters.JUnitReportReporter -->
<testsuite hostname="DESKTOP-9LMV1LJ" failures="0" tests="1" name="pages.ForgetUserIdandPasswordTest" time="36.858" errors="0" timestamp="2023-12-14T09:17:56 EST" skipped="0">
  <testcase classname="pages.ForgetUserIdandPasswordTest" name="accountNumberSSnNumberContinue" time="36.858">
    <system-out>
      <![CDATA[Sleeping ... zZz 4<br>
[[ChromeDriver: chrome on windows (0ad71964207d49097455967827b3e49b)] -> link text: Forgot ID/Password?] ---> Actual text : Forgot ID/Password?. Expected text : Forgot ID/Password?<br>
Proxy element for: DefaultElementLocator 'By.linkText: Forgot ID/Password?'<---------> has been clicked<br>
123666 <-----> has been put into <-----> [[ChromeDriver: chrome on windows (0ad71964207d49097455967827b3e49b)] -> id: acctNumber]<br>
Sleeping ... zZz 3<br>
2345 <-----> has been put into <-----> [[ChromeDriver: chrome on windows (0ad71964207d49097455967827b3e49b)] -> xpath: //input[@name='ssNumberField']]<br>
Sleeping ... zZz 3<br>
[[ChromeDriver: chrome on windows (0ad71964207d49097455967827b3e49b)] -> id: verifyCustomerAccount]<---------> has been clicked<br>
Sleeping ... zZz 3<br>]]>
    </system-out>
  </testcase> <!-- accountNumberSSnNumberContinue -->
  <system-out>
    <![CDATA[Sleeping ... zZz 4<br>
[[ChromeDriver: chrome on windows (0ad71964207d49097455967827b3e49b)] -> link text: Forgot ID/Password?] ---> Actual text : Forgot ID/Password?. Expected text : Forgot ID/Password?<br>
Proxy element for: DefaultElementLocator 'By.linkText: Forgot ID/Password?'<---------> has been clicked<br>
123666 <-----> has been put into <-----> [[ChromeDriver: chrome on windows (0ad71964207d49097455967827b3e49b)] -> id: acctNumber]<br>
Sleeping ... zZz 3<br>
2345 <-----> has been put into <-----> [[ChromeDriver: chrome on windows (0ad71964207d49097455967827b3e49b)] -> xpath: //input[@name='ssNumberField']]<br>
Sleeping ... zZz 3<br>
[[ChromeDriver: chrome on windows (0ad71964207d49097455967827b3e49b)] -> id: verifyCustomerAccount]<---------> has been clicked<br>
Sleeping ... zZz 3<br>]]>
  </system-out>
</testsuite> <!-- pages.ForgetUserIdandPasswordTest -->
