<?xml version="1.0" encoding="UTF-8"?>
<!-- Generated by org.testng.reporters.JUnitReportReporter -->
<testsuite hostname="DESKTOP-9LMV1LJ" failures="0" tests="1" name="pages.HomePageTest" time="38.761" errors="0" timestamp="2023-12-13T18:20:08 EST" skipped="0">
  <testcase classname="pages.HomePageTest" name="inputUserIdAndPasswordthenClickLoginButton" time="38.761">
    <system-out>
      <![CDATA[Dilshad <-----> has been put into <-----> [[ChromeDriver: chrome on windows (52d4869b83c55c24404a8c1dd3bb936e)] -> xpath: //input[@name='onlineId1']]<br>
12345 <-----> has been put into <-----> [[ChromeDriver: chrome on windows (52d4869b83c55c24404a8c1dd3bb936e)] -> xpath: //input[@name='passcode1']]<br>
Sleeping ... zZz 3<br>
[[ChromeDriver: chrome on windows (52d4869b83c55c24404a8c1dd3bb936e)] -> xpath: //input[@name='saveOnlineId']]<---------> has been clicked<br>
Sleeping ... zZz 3<br>
Proxy element for: DefaultElementLocator 'By.xpath: //span[text()='Log In']'<---------> has been clicked<br>
Sleeping ... zZz 3<br>]]>
    </system-out>
  </testcase> <!-- inputUserIdAndPasswordthenClickLoginButton -->
  <system-out>
    <![CDATA[Dilshad <-----> has been put into <-----> [[ChromeDriver: chrome on windows (52d4869b83c55c24404a8c1dd3bb936e)] -> xpath: //input[@name='onlineId1']]<br>
12345 <-----> has been put into <-----> [[ChromeDriver: chrome on windows (52d4869b83c55c24404a8c1dd3bb936e)] -> xpath: //input[@name='passcode1']]<br>
Sleeping ... zZz 3<br>
[[ChromeDriver: chrome on windows (52d4869b83c55c24404a8c1dd3bb936e)] -> xpath: //input[@name='saveOnlineId']]<---------> has been clicked<br>
Sleeping ... zZz 3<br>
Proxy element for: DefaultElementLocator 'By.xpath: //span[text()='Log In']'<---------> has been clicked<br>
Sleeping ... zZz 3<br>]]>
  </system-out>
</testsuite> <!-- pages.HomePageTest -->
