<?xml version="1.0" encoding="UTF-8"?>
<!-- Generated by org.testng.reporters.JUnitReportReporter -->
<testsuite hostname="DESKTOP-9LMV1LJ" failures="0" tests="1" name="pages.HomeLoansTest" time="62.339" errors="0" timestamp="2024-01-21T13:59:45 EST" skipped="0">
  <testcase classname="pages.HomeLoansTest" name="homeLoanValidationTest" time="62.339">
    <system-out>
      <![CDATA[[[ChromeDriver: chrome on windows (14275cfab185c474a68395566aa00bfc)] -> xpath: //span[text()='Home Loans']//parent::a[@id='navHomeLoans']]<---------> has been clicked<br>
[[ChromeDriver: chrome on windows (14275cfab185c474a68395566aa00bfc)] -> xpath: //span[text()='Explore home loans']] ---> Actual text : Explore home loans. Expected text : Explore home loans<br>
[[ChromeDriver: chrome on windows (14275cfab185c474a68395566aa00bfc)] -> link text: Mortgage]<---------> has been clicked<br>
Current URL is : https://www.bankofamerica.com/mortgage/home-mortgage/<br>
[[ChromeDriver: chrome on windows (14275cfab185c474a68395566aa00bfc)] -> id: applyNow]<---------> is Displayed, true<br>
Proxy element for: DefaultElementLocator 'By.id: applyNow'<---------> has been clicked<br>
Current URL is : https://secure.bankofamerica.com/digital-mortgage-application/landing/#landing<br>
[[ChromeDriver: chrome on windows (14275cfab185c474a68395566aa00bfc)] -> id: dmaFlowButton]<---------> is Displayed, true<br>
Proxy element for: DefaultElementLocator 'By.id: dmaFlowButton'<---------> has been clicked<br>
Current URL is : https://secure.bankofamerica.com/digital-mortgage-application/mortgage/#purchase-gating-question<br>
[[ChromeDriver: chrome on windows (14275cfab185c474a68395566aa00bfc)] -> id: propertyContractYes]<---------> has been clicked<br>
Sleeping ... zZz 3<br>
[[ChromeDriver: chrome on windows (14275cfab185c474a68395566aa00bfc)] -> id: isBofaCustomer-no]<---------> has been clicked<br>
[[ChromeDriver: chrome on windows (14275cfab185c474a68395566aa00bfc)] -> id: signInContinueButton]<---------> has been clicked<br>
Current URL is : https://secure.bankofamerica.com/digital-mortgage-application/mortgage/#bac-sign-in<br>
[[ChromeDriver: chrome on windows (14275cfab185c474a68395566aa00bfc)] -> xpath: //span[text()='Your information']]<---------> is Displayed, false<br>
[[ChromeDriver: chrome on windows (14275cfab185c474a68395566aa00bfc)] -> xpath: //input[@class='first-name-field spa-input-text']] ---> We can Enter : 32 Character in the field which was similar with the Expected as: 32<br>
The Text from the [[ChromeDriver: chrome on windows (14275cfab185c474a68395566aa00bfc)] -> xpath: //input[@class='first-name-field spa-input-text']] ---> is cleared<br>
Dilshad <-----> has been put into <-----> [[ChromeDriver: chrome on windows (14275cfab185c474a68395566aa00bfc)] -> xpath: //input[@class='first-name-field spa-input-text']] and then clicked by Tab Key<br>
DAZ <-----> has been put into <-----> [[ChromeDriver: chrome on windows (14275cfab185c474a68395566aa00bfc)] -> id: middleName] and then clicked by Tab Key<br>
Zannat <-----> has been put into <-----> [[ChromeDriver: chrome on windows (14275cfab185c474a68395566aa00bfc)] -> id: lastName] and then clicked by Tab Key<br>
[[ChromeDriver: chrome on windows (14275cfab185c474a68395566aa00bfc)] -> id: suffix]<---------> has been clicked<br>
[[ChromeDriver: chrome on windows (14275cfab185c474a68395566aa00bfc)] -> xpath: //option[text()='Sr']]<---------> has been clicked<br>
743090789 <-----> has been put into <-----> [[ChromeDriver: chrome on windows (14275cfab185c474a68395566aa00bfc)] -> id: phoneNumber]<br>
shshsh@gmail.com <-----> has been put into <-----> [[ChromeDriver: chrome on windows (14275cfab185c474a68395566aa00bfc)] -> id: email] and then clicked by Tab Key<br>
45 Southwest 9th Street <-----> has been put into <-----> [[ChromeDriver: chrome on windows (14275cfab185c474a68395566aa00bfc)] -> id: locationField]<br>
Sleeping ... zZz 3<br>
989121234 <-----> has been put into <-----> [[ChromeDriver: chrome on windows (14275cfab185c474a68395566aa00bfc)] -> id: ssn]<br>
09132000 <-----> has been put into <-----> [[ChromeDriver: chrome on windows (14275cfab185c474a68395566aa00bfc)] -> id: dob] and then clicked by Tab Key<br>
[[ChromeDriver: chrome on windows (14275cfab185c474a68395566aa00bfc)] -> id: haveDependentsNo]<---------> has been clicked<br>
Sleeping ... zZz 3<br>
[[ChromeDriver: chrome on windows (14275cfab185c474a68395566aa00bfc)] -> id: isMLOExistNo]<---------> has been clicked<br>
[[ChromeDriver: chrome on windows (14275cfab185c474a68395566aa00bfc)] -> id: consentToContact]<---------> has been clicked<br>
[[ChromeDriver: chrome on windows (14275cfab185c474a68395566aa00bfc)] -> id: personalInformationContinueButton]<---------> has been clicked<br>]]>
    </system-out>
  </testcase> <!-- homeLoanValidationTest -->
  <system-out>
    <![CDATA[[[ChromeDriver: chrome on windows (14275cfab185c474a68395566aa00bfc)] -> xpath: //span[text()='Home Loans']//parent::a[@id='navHomeLoans']]<---------> has been clicked<br>
[[ChromeDriver: chrome on windows (14275cfab185c474a68395566aa00bfc)] -> xpath: //span[text()='Explore home loans']] ---> Actual text : Explore home loans. Expected text : Explore home loans<br>
[[ChromeDriver: chrome on windows (14275cfab185c474a68395566aa00bfc)] -> link text: Mortgage]<---------> has been clicked<br>
Current URL is : https://www.bankofamerica.com/mortgage/home-mortgage/<br>
[[ChromeDriver: chrome on windows (14275cfab185c474a68395566aa00bfc)] -> id: applyNow]<---------> is Displayed, true<br>
Proxy element for: DefaultElementLocator 'By.id: applyNow'<---------> has been clicked<br>
Current URL is : https://secure.bankofamerica.com/digital-mortgage-application/landing/#landing<br>
[[ChromeDriver: chrome on windows (14275cfab185c474a68395566aa00bfc)] -> id: dmaFlowButton]<---------> is Displayed, true<br>
Proxy element for: DefaultElementLocator 'By.id: dmaFlowButton'<---------> has been clicked<br>
Current URL is : https://secure.bankofamerica.com/digital-mortgage-application/mortgage/#purchase-gating-question<br>
[[ChromeDriver: chrome on windows (14275cfab185c474a68395566aa00bfc)] -> id: propertyContractYes]<---------> has been clicked<br>
Sleeping ... zZz 3<br>
[[ChromeDriver: chrome on windows (14275cfab185c474a68395566aa00bfc)] -> id: isBofaCustomer-no]<---------> has been clicked<br>
[[ChromeDriver: chrome on windows (14275cfab185c474a68395566aa00bfc)] -> id: signInContinueButton]<---------> has been clicked<br>
Current URL is : https://secure.bankofamerica.com/digital-mortgage-application/mortgage/#bac-sign-in<br>
[[ChromeDriver: chrome on windows (14275cfab185c474a68395566aa00bfc)] -> xpath: //span[text()='Your information']]<---------> is Displayed, false<br>
[[ChromeDriver: chrome on windows (14275cfab185c474a68395566aa00bfc)] -> xpath: //input[@class='first-name-field spa-input-text']] ---> We can Enter : 32 Character in the field which was similar with the Expected as: 32<br>
The Text from the [[ChromeDriver: chrome on windows (14275cfab185c474a68395566aa00bfc)] -> xpath: //input[@class='first-name-field spa-input-text']] ---> is cleared<br>
Dilshad <-----> has been put into <-----> [[ChromeDriver: chrome on windows (14275cfab185c474a68395566aa00bfc)] -> xpath: //input[@class='first-name-field spa-input-text']] and then clicked by Tab Key<br>
DAZ <-----> has been put into <-----> [[ChromeDriver: chrome on windows (14275cfab185c474a68395566aa00bfc)] -> id: middleName] and then clicked by Tab Key<br>
Zannat <-----> has been put into <-----> [[ChromeDriver: chrome on windows (14275cfab185c474a68395566aa00bfc)] -> id: lastName] and then clicked by Tab Key<br>
[[ChromeDriver: chrome on windows (14275cfab185c474a68395566aa00bfc)] -> id: suffix]<---------> has been clicked<br>
[[ChromeDriver: chrome on windows (14275cfab185c474a68395566aa00bfc)] -> xpath: //option[text()='Sr']]<---------> has been clicked<br>
743090789 <-----> has been put into <-----> [[ChromeDriver: chrome on windows (14275cfab185c474a68395566aa00bfc)] -> id: phoneNumber]<br>
shshsh@gmail.com <-----> has been put into <-----> [[ChromeDriver: chrome on windows (14275cfab185c474a68395566aa00bfc)] -> id: email] and then clicked by Tab Key<br>
45 Southwest 9th Street <-----> has been put into <-----> [[ChromeDriver: chrome on windows (14275cfab185c474a68395566aa00bfc)] -> id: locationField]<br>
Sleeping ... zZz 3<br>
989121234 <-----> has been put into <-----> [[ChromeDriver: chrome on windows (14275cfab185c474a68395566aa00bfc)] -> id: ssn]<br>
09132000 <-----> has been put into <-----> [[ChromeDriver: chrome on windows (14275cfab185c474a68395566aa00bfc)] -> id: dob] and then clicked by Tab Key<br>
[[ChromeDriver: chrome on windows (14275cfab185c474a68395566aa00bfc)] -> id: haveDependentsNo]<---------> has been clicked<br>
Sleeping ... zZz 3<br>
[[ChromeDriver: chrome on windows (14275cfab185c474a68395566aa00bfc)] -> id: isMLOExistNo]<---------> has been clicked<br>
[[ChromeDriver: chrome on windows (14275cfab185c474a68395566aa00bfc)] -> id: consentToContact]<---------> has been clicked<br>
[[ChromeDriver: chrome on windows (14275cfab185c474a68395566aa00bfc)] -> id: personalInformationContinueButton]<---------> has been clicked<br>]]>
  </system-out>
</testsuite> <!-- pages.HomeLoansTest -->
